0 verbose cli /usr/local/bin/node /usr/local/lib/node_modules/npm/bin/npm-cli.js
1 info using npm@10.9.3
2 info using node@v22.20.0
3 silly config load:file:/usr/local/lib/node_modules/npm/npmrc
4 silly config load:file:/Users/ylong/Documents/classroomgen/.npmrc
5 silly config load:file:/Users/ylong/.npmrc
6 silly config load:file:/usr/local/etc/npmrc
7 verbose title npm exec create-next-app@latest . --typescript --tailwind --eslint --app --src-dir --import-alias @/* --turbopack
8 verbose argv "exec" "--yes" "--" "create-next-app@latest" "." "--typescript" "--tailwind" "--eslint" "--app" "--src-dir" "--import-alias" "@/*" "--turbopack"
9 verbose logfile logs-max:10 dir:/Users/ylong/Documents/classroomgen/.npm-cache/_logs/2025-09-30T14_05_53_651Z-
10 verbose logfile /Users/ylong/Documents/classroomgen/.npm-cache/_logs/2025-09-30T14_05_53_651Z-debug-0.log
11 silly logfile done cleaning log files
12 silly packumentCache heap:4345298944 maxSize:1086324736 maxEntrySize:543162368
13 http fetch GET 200 https://registry.npmjs.org/create-next-app 1802ms (cache miss)
14 silly packumentCache heap:4345298944 maxSize:1086324736 maxEntrySize:543162368
15 silly packumentCache heap:4345298944 maxSize:1086324736 maxEntrySize:543162368
16 silly idealTree buildDeps
17 silly fetch manifest create-next-app@15.5.4
18 silly packumentCache full:https://registry.npmjs.org/create-next-app cache-miss
19 http fetch GET 200 https://registry.npmjs.org/create-next-app 480ms (cache miss)
20 silly packumentCache full:https://registry.npmjs.org/create-next-app set size:undefined disposed:false
21 silly placeDep ROOT create-next-app@15.5.4 OK for:  want: 15.5.4
22 silly reify moves {}
23 silly audit bulk request { 'create-next-app': [ '15.5.4' ] }
24 http cache create-next-app@https://registry.npmjs.org/create-next-app/-/create-next-app-15.5.4.tgz 0ms (cache hit)
25 silly tarball no local data for create-next-app@https://registry.npmjs.org/create-next-app/-/create-next-app-15.5.4.tgz. Extracting by manifest.
26 http fetch POST 200 https://registry.npmjs.org/-/npm/v1/security/advisories/bulk 222ms
27 silly audit report {}
28 http fetch GET 200 https://registry.npmjs.org/create-next-app/-/create-next-app-15.5.4.tgz 880ms (cache miss)
29 verbose cwd /Users/ylong/Documents/classroomgen
30 verbose os Darwin 24.5.0
31 verbose node v22.20.0
32 verbose npm  v10.9.3
33 verbose exit 1
34 verbose code 1
